0 info it worked if it ends with ok
1 verbose cli [ '/Users/rharris/.nvm/versions/node/v6.2.0/bin/node',
1 verbose cli   '/Users/rharris/.nvm/versions/node/v6.2.0/bin/npm',
1 verbose cli   'show',
1 verbose cli   'rollup-plugin-undebug',
1 verbose cli   'version' ]
2 info using npm@3.8.9
3 info using node@v6.2.0
4 silly mapToRegistry name rollup-plugin-undebug
5 silly mapToRegistry using default registry
6 silly mapToRegistry registry https://registry.npmjs.org/
7 silly mapToRegistry data Result {
7 silly mapToRegistry   raw: 'rollup-plugin-undebug',
7 silly mapToRegistry   scope: null,
7 silly mapToRegistry   name: 'rollup-plugin-undebug',
7 silly mapToRegistry   rawSpec: '',
7 silly mapToRegistry   spec: 'latest',
7 silly mapToRegistry   type: 'tag' }
8 silly mapToRegistry uri https://registry.npmjs.org/rollup-plugin-undebug
9 verbose request uri https://registry.npmjs.org/rollup-plugin-undebug
10 verbose request no auth needed
11 info attempt registry request try #1 at 4:24:10 PM
12 verbose request using bearer token for auth
13 verbose request id c2be44d660fde651
14 http request GET https://registry.npmjs.org/rollup-plugin-undebug
15 http 404 https://registry.npmjs.org/rollup-plugin-undebug
16 verbose headers { 'content-type': 'application/json',
16 verbose headers   'cache-control': 'max-age=0',
16 verbose headers   'content-length': '2',
16 verbose headers   'accept-ranges': 'bytes',
16 verbose headers   date: 'Fri, 03 Jun 2016 20:24:11 GMT',
16 verbose headers   via: '1.1 varnish',
16 verbose headers   connection: 'keep-alive',
16 verbose headers   'x-served-by': 'cache-iad2134-IAD',
16 verbose headers   'x-cache': 'MISS',
16 verbose headers   'x-cache-hits': '0',
16 verbose headers   'x-timer': 'S1464985451.099859,VS0,VE23',
16 verbose headers   vary: 'Accept-Encoding' }
17 silly get cb [ 404,
17 silly get   { 'content-type': 'application/json',
17 silly get     'cache-control': 'max-age=0',
17 silly get     'content-length': '2',
17 silly get     'accept-ranges': 'bytes',
17 silly get     date: 'Fri, 03 Jun 2016 20:24:11 GMT',
17 silly get     via: '1.1 varnish',
17 silly get     connection: 'keep-alive',
17 silly get     'x-served-by': 'cache-iad2134-IAD',
17 silly get     'x-cache': 'MISS',
17 silly get     'x-cache-hits': '0',
17 silly get     'x-timer': 'S1464985451.099859,VS0,VE23',
17 silly get     vary: 'Accept-Encoding' } ]
18 verbose stack Error: Registry returned 404 for GET on https://registry.npmjs.org/rollup-plugin-undebug
18 verbose stack     at makeError (/Users/rharris/.nvm/versions/node/v6.2.0/lib/node_modules/npm/node_modules/npm-registry-client/lib/request.js:264:12)
18 verbose stack     at CachingRegistryClient.<anonymous> (/Users/rharris/.nvm/versions/node/v6.2.0/lib/node_modules/npm/node_modules/npm-registry-client/lib/request.js:242:14)
18 verbose stack     at Request._callback (/Users/rharris/.nvm/versions/node/v6.2.0/lib/node_modules/npm/node_modules/npm-registry-client/lib/request.js:172:14)
18 verbose stack     at Request.self.callback (/Users/rharris/.nvm/versions/node/v6.2.0/lib/node_modules/npm/node_modules/request/request.js:200:22)
18 verbose stack     at emitTwo (events.js:106:13)
18 verbose stack     at Request.emit (events.js:191:7)
18 verbose stack     at Request.<anonymous> (/Users/rharris/.nvm/versions/node/v6.2.0/lib/node_modules/npm/node_modules/request/request.js:1067:10)
18 verbose stack     at emitOne (events.js:101:20)
18 verbose stack     at Request.emit (events.js:188:7)
18 verbose stack     at IncomingMessage.<anonymous> (/Users/rharris/.nvm/versions/node/v6.2.0/lib/node_modules/npm/node_modules/request/request.js:988:12)
19 verbose statusCode 404
20 verbose pkgid rollup-plugin-undebug
21 verbose cwd /Volumes/Storage/www/ROLLUP/plugins/rollup-plugin-strip
22 error Darwin 15.2.0
23 error argv "/Users/rharris/.nvm/versions/node/v6.2.0/bin/node" "/Users/rharris/.nvm/versions/node/v6.2.0/bin/npm" "show" "rollup-plugin-undebug" "version"
24 error node v6.2.0
25 error npm  v3.8.9
26 error code E404
27 error 404 Registry returned 404 for GET on https://registry.npmjs.org/rollup-plugin-undebug
28 error 404
29 error 404 'rollup-plugin-undebug' is not in the npm registry.
30 error 404 You should bug the author to publish it (or use the name yourself!)
31 error 404 Note that you can also install from a
32 error 404 tarball, folder, http url, or git url.
33 verbose exit [ 1, true ]
